<?xml version="1.0" encoding="UTF-8"?>
<!-- Generated by org.testng.reporters.JUnitXMLReporter -->
<testsuite ignored="2" hostname="123456789123456" failures="0" tests="1" name="Default test(failed)" time="4.385" errors="0" timestamp="2023-10-18T22:20:50 EDT">
  <testcase classname="testCase.LoginTest" name="loginAndAddToCartTest" time="0.458"/>
  <testcase classname="testCase.LoginTest" name="loginWithoutPassword" time="0.0">
    <ignored/>
  </testcase> <!-- loginWithoutPassword -->
  <testcase classname="testCase.LoginTest" name="verifyTitleForLogin" time="0.0">
    <ignored/>
  </testcase> <!-- verifyTitleForLogin -->
</testsuite> <!-- Default test(failed) -->
