<?xml version="1.0" encoding="UTF-8"?>
<!-- Generated by org.testng.reporters.JUnitXMLReporter -->
<testsuite ignored="1" hostname="123456789123456" failures="0" tests="2" name="Test11d" time="0.105" errors="0" timestamp="2023-10-07T00:55:38 EDT">
  <testcase classname="testng.Day11d" name="TestOne" time="0.01"/>
  <testcase classname="testng.Day11d" name="TestTwo" time="0.005"/>
  <testcase classname="testng.Day11d" name="TestThree" time="0.0">
    <ignored/>
  </testcase> <!-- TestThree -->
</testsuite> <!-- Test11d -->
