<?xml version="1.0" encoding="UTF-8"?>
<!-- Generated by org.testng.reporters.JUnitXMLReporter -->
<testsuite ignored="3" hostname="123456789123456" failures="0" tests="0" time="0.003" errors="0" timestamp="2023-10-07T00:55:38 EDT">
  <testcase classname="testng.Day11e" name="TestFour" time="0.0">
    <ignored/>
  </testcase> <!-- TestFour -->
  <testcase classname="testng.Day11e" name="TestSix" time="0.0">
    <ignored/>
  </testcase> <!-- TestSix -->
  <testcase classname="testng.Day11e" name="TestFive" time="0.0">
    <ignored/>
  </testcase> <!-- TestFive -->
</testsuite>
