<?xml version="1.0" encoding="UTF-8"?>
<!-- Generated by org.testng.reporters.JUnitXMLReporter -->
<testsuite ignored="0" hostname="123456789123456" failures="1" tests="1" name="Test" time="6.105" errors="0" timestamp="2023-10-26T19:47:18 EDT">
  <testcase classname="testngrevision.screenshotTest" name="takesScreenshotTest" time="0.02">
    <failure type="java.lang.AssertionError" message="expected [true] but found [false]">
      <![CDATA[java.lang.AssertionError: expected [true] but found [false]
at testngrevision.screenshotTest.takesScreenshotTest(screenshotTest.java:22)
at java.base/java.util.ArrayList.forEach(ArrayList.java:1511)
... Removed 34 stack frames]]>
    </failure>
  </testcase> <!-- takesScreenshotTest -->
</testsuite> <!-- Test -->
