<?xml version="1.0" encoding="UTF-8"?>
<testng-results ignored="0" total="2" passed="2" failed="0" skipped="0">
  <reporter-output>
  </reporter-output>
  <suite started-at="2023-10-27T12:39:03 EDT" name="Default suite" finished-at="2023-10-27T12:39:09 EDT" duration-ms="5850">
    <groups>
    </groups>
    <test started-at="2023-10-27T12:39:03 EDT" name="Default test" finished-at="2023-10-27T12:39:09 EDT" duration-ms="5850">
      <class name="testngrevision.rev3tagNameandcurrentUrl">
        <test-method is-config="true" signature="setUp()[pri:0, instance:testngrevision.rev3tagNameandcurrentUrl@4d5650ae]" started-at="2023-10-27T12:39:04 EDT" name="setUp" finished-at="2023-10-27T12:39:07 EDT" duration-ms="3525" status="PASS">
          <reporter-output>
          </reporter-output>
        </test-method> <!-- setUp -->
        <test-method signature="TestCaseOne()[pri:0, instance:testngrevision.rev3tagNameandcurrentUrl@4d5650ae]" started-at="2023-10-27T12:39:07 EDT" name="TestCaseOne" finished-at="2023-10-27T12:39:07 EDT" duration-ms="12" status="PASS">
          <reporter-output>
          </reporter-output>
        </test-method> <!-- TestCaseOne -->
        <test-method is-config="true" signature="tearDown()[pri:0, instance:testngrevision.rev3tagNameandcurrentUrl@4d5650ae]" started-at="2023-10-27T12:39:07 EDT" name="tearDown" finished-at="2023-10-27T12:39:07 EDT" duration-ms="117" status="PASS">
          <reporter-output>
          </reporter-output>
        </test-method> <!-- tearDown -->
        <test-method is-config="true" signature="setUp()[pri:0, instance:testngrevision.rev3tagNameandcurrentUrl@4d5650ae]" started-at="2023-10-27T12:39:07 EDT" name="setUp" finished-at="2023-10-27T12:39:09 EDT" duration-ms="1993" status="PASS">
          <reporter-output>
          </reporter-output>
        </test-method> <!-- setUp -->
        <test-method signature="TestCaseTwo()[pri:0, instance:testngrevision.rev3tagNameandcurrentUrl@4d5650ae]" started-at="2023-10-27T12:39:09 EDT" name="TestCaseTwo" finished-at="2023-10-27T12:39:09 EDT" duration-ms="34" status="PASS">
          <reporter-output>
          </reporter-output>
        </test-method> <!-- TestCaseTwo -->
        <test-method is-config="true" signature="tearDown()[pri:0, instance:testngrevision.rev3tagNameandcurrentUrl@4d5650ae]" started-at="2023-10-27T12:39:09 EDT" name="tearDown" finished-at="2023-10-27T12:39:09 EDT" duration-ms="125" status="PASS">
          <reporter-output>
          </reporter-output>
        </test-method> <!-- tearDown -->
      </class> <!-- testngrevision.rev3tagNameandcurrentUrl -->
    </test> <!-- Default test -->
  </suite> <!-- Default suite -->
</testng-results>
